test    1: 00010110011111110010100100111001000010000 00010110011111110010100100111001  230 faults detected
test    2: 11101001111011000111001010011100000111010 11101001111011000111001010011100  152 faults detected
test    3: 11111001010100011010100100000101011001111 11111001010100011010100100000101  121 faults detected
test    4: 00101000010110010110011000110101111110000 00101000010110010110011000110101   79 faults detected
test    5: 00010011110101000111011011000100000111101 00010011110101000111011011000100   32 faults detected
test    6: 11111111111010010010100111001100000110000 11111111111010010010100111001100    4 faults detected
test    7: 00100110001101100111011010100100000000001 00100110001101100111011010100100   28 faults detected
test    8: 11000110001001011000001010110101110100101 11000110001001011000001010110101   58 faults detected
test    9: 10000110001111110011111001010001011100101 10000110001111110011111101010001  160 faults detected
test   10: 11010011110010001100011010001001000100111 11010011110010001100011010001001    0 faults detected
test   11: 11101011111110101000001111111000000110000 11101011111110101000001111111000    0 faults detected
test   12: 11100110001101111100110111011100000011101 11100110001101111100110111011100   24 faults detected
test   13: 01110101100001000110011010010100011111110 01110101100001000110011010010100   11 faults detected
test   14: 11000011101010111001000101010000111100010 11000011101010111001000101010000   16 faults detected
test   15: 10101011111111001100000111101001000101110 10101011111111001100000111101001    0 faults detected
test   16: 10110100110101001010001111111001011110001 10110100110101001010001111111001   18 faults detected
test   17: 01001111101000110001001001100001010001101 01001111101000110001001001100001    8 faults detected
test   18: 10110101111001000001110000100000100100100 10110101011001000001110000100000   84 faults detected
test   19: 01001001011100110001010011001101000001110 01001001011100110001010011001101   11 faults detected
test   20: 01001011000000000101001100000000101101001 01001011000000000101001100000000   15 faults detected
test   21: 01001101000011101011010010100001000101100 01001101000011101011010010100001   21 faults detected
test   22: 01010001010011011110100010000000110100010 01010001010011011110100010000000   12 faults detected
test   23: 10001011011001110011010001111001011011101 10001011011001110011010001111001    7 faults detected
test   24: 01110101111111010001000011100100100110011 01110101111111010001000011100100    0 faults detected
test   25: 01010001101110011010011111010101001111011 01010001101110011010011111010101   16 faults detected
test   26: 00100011010110001001001010111100100011010 00100011010110001001001010111100    0 faults detected
test   27: 01010101110100101000101110110001101010011 01010101110100101000101110110001    4 faults detected
test   28: 01000010001010100110011000011000001101010 01000010001010100110011000011000    0 faults detected
test   29: 00010100100001101010100001111101010000001 00010100100001101010100001111101    9 faults detected
test   30: 11101110011011000110001000100001011111100 11101110011011000110001000100001    5 faults detected
test   31: 11101011111011100010100011011000010010110 11101011111011100010100011011000    0 faults detected
test   32: 01011100111110110000110110010000101001110 01011100111110110000110110010000    2 faults detected
test   33: 10010110001000110111100010111100001011101 10010110001000110111100010111100    8 faults detected
test   34: 00111010011100011101110000010001101111101 00111010011100011101110000010001    0 faults detected
test   35: 10010101000100111110000101111100111010011 10010101000100111110000101111100    4 faults detected
test   36: 01101010101100010111101101100000011101010 01101010101100010111101101100000   14 faults detected
test   37: 00000000000101000010011010111100000011111 00000000000101000010011010111100    1 faults detected
test   38: 01001110011010001000101001110101000101101 01001110011010001000101001110101    8 faults detected
test   39: 10110011011010011111001001101100000010001 10110011011010011111001001101100    0 faults detected
test   40: 11000000010011110101110000100000001101000 11000000010011110101110000100000    2 faults detected
test   41: 10011001100101011010001110110000001001100 10011001100101011000001110110000   40 faults detected
test   42: 01011101100011000011101110110100010001010 01011101100011000011101100110100   43 faults detected
test   43: 11001111110010001000000101011100011111110 11001111110011001000000101011100   24 faults detected
test   44: 00111001010001100111001101001001101100010 00111001010001100111001101001001    2 faults detected
test   45: 01000000000011010100110010010101100100010 01000000000011010100110010010101    0 faults detected
test   46: 10011000011010001111010001110001001101111 10011000011010001111010001110001    6 faults detected
test   47: 00011101010111111111100011011101100101010 00011101010111111111100011011101    0 faults detected
test   48: 11000101101001100010010110100100100010011 11000101101001100010010110100100    0 faults detected
test   49: 11011100001111110001001110100100000000000 11011100000111110001001110100100    8 faults detected
test   50: 01111000010010100110000100010101010011100 01111000010010100110000100010101    0 faults detected
test   51: 01110100110000011010011101101100010111011 01110100110000011010011101101100    4 faults detected
test   52: 10000010011111111010000000010100111010011 10000010011111111010000000010100    0 faults detected
test   53: 00101010111110001101101011101101100110100 00101010111110001101101011101101    2 faults detected
test   54: 00000000010111010101101111110001000010001 00000000010111010101101111110001    0 faults detected
test   55: 11001011010101110000110111010101100000000 11001011010101110000110111010101    6 faults detected
test   56: 01011110010101111111101111110001011011000 01011110010101111111101111110001    6 faults detected
test   57: 11010011000111011001100110101000010110000 11010011000111011001100110101000    0 faults detected
test   58: 10001101100100011011000010101001111110100 10001101100100011011000010101001    0 faults detected
test   59: 10001100010001010111111111000000111001000 10001100010001010111111111000000    0 faults detected
test   60: 11011011100000101000110100010001100110001 11011011100000101000110100010001    0 faults detected
test   61: 01000110101000010000111101111100010111111 01000110101000010100111101111100   11 faults detected
test   62: 10110000010111100001111010001100101100000 10110000010111100001111010001000   12 faults detected
test   63: 11100010101100100000001101110100000110111 11100010101100100000001101110100    0 faults detected
test   64: 00111100111111001111001001001101100000110 00111100111111001111001000001101    5 faults detected
test   65: 00001101110010110011111100100000101101010 00001101110010110011111100100000    0 faults detected
test   66: 00010110011100000101101100011101111101101 00010110011100000101101100010101   11 faults detected
test   67: 01110011000011100101110001010001001010100 01110011000011100101110001010001    0 faults detected
test   68: 01110000010000000011010000001101100010000 01110000010000000011010000001101    0 faults detected
test   69: 10111010100001001110110011101100111000000 10111011100001001110110011101100   11 faults detected
test   70: 00100010011000100000001011110100000110000 00100010011000100000001011110100    0 faults detected
test   71: 10001000000101100011100000101000111110100 10001000000101100011100000101000    2 faults detected
test   72: 01111001000001010111101000111001011101100 01111001000001010111101000111001    0 faults detected
test   73: 11001111001100100011101100111101111001001 11001111001100100011101100111101    0 faults detected
test   74: 00111001101101110000101110011100010010011 00111001101101110000101110011100    0 faults detected
test   75: 01111001011010000001001010011001110111011 01111001011010000001001010011001    4 faults detected
test   76: 00011010100000100011000001110100000000000 00011000100000100011000001110100    5 faults detected
test   77: 11010110111000010100011010011001010011011 11010110111000010100011010011001    0 faults detected
test   78: 01011000001110001001001001001001100110100 01011000001110001001001001001001    5 faults detected
test   79: 10101000110110011000010101101101110101011 10101000110110011000010101101101    0 faults detected
test   80: 01101100011110000011010100111000110001101 01101100011110000011010100111000    5 faults detected
test   81: 01001101001101111011011011111000111100100 01001101001101111011011011111000    0 faults detected
test   82: 10100101101000110000000111101100000000110 10100101101000110000000111101100    0 faults detected
test   83: 00010010100111000110011001101101100110111 00010010100111000110011001101101    0 faults detected
test   84: 11000101101101111011110011010101010010101 11000101101101111011110011010101    3 faults detected
test   85: 10000011110000011100110111100100001011111 10000011110000011100110111100100    0 faults detected
test   86: 10101011011001101010000100001001100101111 10101011011001101010000100001001    0 faults detected
test   87: 11100101001001100111100110011000010111011 11100101001001100111100110011000    0 faults detected
test   88: 00001101001100000110000110100100101100110 00001101001100000110000110100100    0 faults detected
test   89: 11000011100011000000101001111001011001001 11000011100011000000101001111001    0 faults detected
test   90: 11111101000001011010101011101001000011000 11111101000001011010101011101001    2 faults detected
test   91: 10100011100101001001101110000101110100001 10100011100101001001101110000101    0 faults detected
test   92: 10000110001001110000101111110000000110010 10000110001001110000101111110000    0 faults detected
test   93: 00111110101110010110011100100100011111000 00111110101110010110011100101100    2 faults detected
test   94: 00100111101000010111101011000001000100100 00100111101100010111101011000001    3 faults detected
test   95: 11001011110110100100110101100100101100000 11001011110110100100110100100100    0 faults detected
test   96: 11101010111001010110010011101001010000100 11101010111001010110010011101001    0 faults detected
test   97: 00011101000010110000100110101100011111100 00011101000010110000100110101100    0 faults detected
test   98: 01100000011001010001001111110100000000001 01100000011001010001001111110100    0 faults detected
test   99: 00001101001011000010101001101100101010111 00001101001011000010101001101100    2 faults detected
test  100: 10100101001001100010100110011001000111000 10100101001001100010100110011001    0 faults detected
test  101: 01001001111000110010000110101101101111011 01001001111000110010000110101101    0 faults detected
test  102: 00100010001001011110101110011001001110000 00100010001001011110101110011001    0 faults detected
test  103: 11110111010010111011111101101000010111100 11110111010010111011111101101000    0 faults detected
test  104: 00101011101110111011100110100101100110100 00101011101110111011100110100101    0 faults detected
test  105: 01000010110101010010110101111001100100101 01000010111101010010110101111001    5 faults detected
test  106: 10101000101100100110011100110101110000010 10101000101100100110011100110101    0 faults detected
test  107: 01010101000001101010101001000000110111010 01010101000001101010101001000000    0 faults detected
test  108: 11101100011000011001001111011100110010001 11101100011000011001001111011100    0 faults detected
test  109: 11001111100011001000101101111001101100000 11001111100011001000101101111001    2 faults detected
test  110: 11101101011011000010001101000000110001110 11101101011011000010001101000000    0 faults detected
test  111: 01101100000011010100110011111001111000001 01101100000011010100110011111001    0 faults detected
test  112: 00110010011010111100010111010000111011100 00110010011010110100010111010000    4 faults detected
test  113: 00110000110100100100100100010100100101000 00110000110100100100100100010100    0 faults detected
test  114: 11110111010100010101110100000000011110111 11110111010100010101110100000000    0 faults detected
test  115: 00111111111100001100111001101001010100111 00111111111100001100111001101001    0 faults detected
test  116: 10110100000111000111011100111100111000111 10110100000111000111011100111100    0 faults detected
test  117: 00001000110111010001011000100001000111000 00001000110111010001011000100001    0 faults detected
test  118: 00010011110000001101100011011000000000001 00010011110000001101100011011000    0 faults detected
test  119: 01100110101100011100010001101000011100110 01100110101100011100010001101000    0 faults detected
test  120: 11001101010010010010110100001000001010100 11001101010010011010110100001000    2 faults detected
test  121: 00001100000001100011010110111100001001111 00001100000001100011010110111100    0 faults detected
test  122: 11110101101100000110011010101100101101100 11110101101100000110011010101100    0 faults detected
test  123: 11111100100010000100101001011101110011111 11111100100010000100101001011101    0 faults detected
test  124: 00000000111111011011110011100100100110011 00000000111111011011110011100100    2 faults detected
test  125: 01000000000001011110101000001100001110110 01000000000001011110101000001100    0 faults detected
test  126: 00011111000010110110010101111000001110000 00011111000010110110010101111000    0 faults detected
test  127: 11100011110010110011011111000000010001011 11100011110010110011011111000000    0 faults detected
test  128: 11100100100010111011001000100101100101101 11100100100010111011001000101101    0 faults detected
test  129: 11101001110001001110110110100101110100000 11101001110001001110110110100101    0 faults detected
test  130: 11110001011110011010011011010001100100111 11110001011110011010011011010001    0 faults detected
test  131: 00110101110100101110101011111100011110101 00110101110100101110101011111100    0 faults detected
test  132: 01000100110100000100010000010001011110101 01000100110100000100010000010001    0 faults detected
test  133: 01110100110011011001100011111000101011101 01110100110011011001100011111000    0 faults detected
test  134: 10111101001010010110010011111000010100100 10111101001010010110010011111000    0 faults detected
test  135: 11100001000011111010111111000100000111011 11100001000011111010111111000100    0 faults detected
test  136: 00111100100111101010100001010101110110100 00111100100111101010100001010101    0 faults detected
test  137: 10011100111000000110111010110100011011101 10011100111000000110111010110100    0 faults detected
test  138: 10001001100010000010010110000100001111000 10001001100010000010010110000100    0 faults detected
test  139: 11001011010110001101010100001000100100100 11001011010110001101010100001000    0 faults detected
test  140: 01010101110110101101011100000001010101101 01010101110110101101011100000001    0 faults detected
test  141: 01010010011000111100011101001101100010100 01010010011000111100011101001101    0 faults detected
test  142: 01110000110100001011000100001001000100001 01110000110100001011000100001001    0 faults detected
test  143: 00010111110010110011101110010000110110000 00010111110010110011101110010000    0 faults detected
test  144: 10100111000111011111001011000101111111011 10100111000111011111001011000101    0 faults detected
test  145: 10110010000111001100011110011000010111011 10110010000111001100011110011000    0 faults detected
test  146: 01001000110101000111110111010101001111111 01001000110101000111110111010101    0 faults detected
test  147: 10001100011101001001000011101100010110001 11001100011101001001000011101100    7 faults detected
test  148: 01101101010100010101111100111001111101010 01101101010100010101111100111001    0 faults detected
test  149: 11111000101000101011100011101001100111011 11111000101000101011100011101001    0 faults detected
test  150: 00101111100001000000011011010000110010110 00101111100001000000011011010000    0 faults detected
test  151: 00100111011000100011111111010101000110011 00100111011000100011111111010101    0 faults detected
test  152: 10111010011000011010110100111001011100001 10111010011000011010110100111001    0 faults detected
test  153: 10111000010001001000111100101001111011111 10111000010001001000111100101001    0 faults detected
test  154: 01101001011001100101110010000000000111100 01101001011001100101110110000000    0 faults detected
test  155: 10000001000101101101110011100000000001001 10000001000101101101110011100000    0 faults detected
test  156: 10100011111011110111100101100101101001101 10100011111011110111100101100101    0 faults detected
test  157: 00100111011101111110110110000100010101101 00100111011101111110110110000100    0 faults detected
test  158: 10111011000100111111011100001100011001101 10111011000100111111011100001100    0 faults detected
test  159: 01010000111110110110000000110100100001110 01010000111110110110000000110100    0 faults detected
test  160: 11010010010111010001010011011001110101011 11010010010111010001010011011001    0 faults detected
test  161: 11101100100110110010111101000000111101010 11101100100110110010111101000000    2 faults detected
test  162: 00001010110110010010010011111000001011011 00001010110110010010010011111000    0 faults detected
test  163: 01001001110110001110001101011100110000001 01001001110110001110001101011100    0 faults detected
test  164: 00010011000101110000010000001001000110100 00010011000101110000010000001001    0 faults detected
test  165: 01011110101000100000001000011100011110101 01011110101000100000001000011100    0 faults detected
test  166: 00011010011010011110111100110000111101000 00011010011010011110111100110000    0 faults detected
test  167: 10110111101001010110111100001001010110100 10110111101001010110111100001001    0 faults detected
test  168: 00111110010110110111010110111100101000000 00111110010110110111010110111100    0 faults detected
test  169: 00100101001011010110000000010100100100010 00100101001011010110000000010100    0 faults detected
test  170: 01011111001000000010000111010001010010010 01010111001000000010000111010001    4 faults detected
test  171: 01001010110000001111000010000000000001100 01001010110000001111000010000000    0 faults detected
test  172: 00001111110100101000011010010101110110001 00001111110100101000011010010101    0 faults detected
test  173: 00101001111111110111001010010101011001100 00101001111111110111001010010101    0 faults detected
test  174: 11000000101011011101101001110000111100101 11000000101011011101101001110000    0 faults detected
test  175: 00001001011010010000100101110101111001011 00001001011010010000100101110101    0 faults detected
test  176: 01101111101011111111110011011001110001111 01101111101011111111110011011001    2 faults detected
test  177: 10110101001010101101011000001100110001010 10110101001010101101011000001100    0 faults detected
test  178: 11110100111011101100000111010100000001000 11110100111011101100000111010100    0 faults detected
test  179: 10110010111011011100000101101101110111111 10110010111011011100000101101101    0 faults detected
test  180: 01001111000010110110100010111101110001100 01001111000010110110100010111101    0 faults detected
test  181: 00101101010101101010010011101000101001011 00101101010101101010010011101000    0 faults detected
test  182: 01100100100100010000000011001001000010100 01100100100100010000000011001001    0 faults detected
test  183: 11111111110000011101110111001100100010111 11111111110000011101110111001100    0 faults detected
test  184: 00110101000110111100000001110000010010100 00110101000110110100000001110000    0 faults detected
test  185: 00101101001001010001100111110000110010110 00101101001001010001100111110000    0 faults detected
test  186: 10010011101010100010000011010000110000000 10010011101010100010000011010000    0 faults detected
test  187: 11100110010110110101010111010000101110110 11100110010110110101010111010000    0 faults detected
test  188: 10111100010110010111011011001101101111110 11111100010110010111011011001101    0 faults detected
test  189: 00010001011011010110110101110001000001011 00010001011011010110110101110001    0 faults detected
test  190: 01011001000111011111001001010000001100010 01011001000111011111001001010000    0 faults detected
test  191: 00001001011111010111001011010100000100101 00001001011111010111001011010100    0 faults detected
test  192: 11111011001111010011001101110100111110011 11111011001111010011001101110100    0 faults detected
test  193: 01101011111111000010111111111000111000000 01101011111111000010111111111000    0 faults detected
test  194: 01111110110000010011011101100000010010011 01111110110000010011011101100000    0 faults detected
test  195: 01100000001010010010111110101000000111000 01100010001010010010111110101000    2 faults detected
test  196: 11010111110011111101110010100000101110101 11010111110011111101110010100000    0 faults detected
test  197: 01011101110111011000100001110001000100010 01011101110111011000100001110001    0 faults detected
test  198: 00111010111100000110110010101001001110111 00111010111100000110110010101011    5 faults detected
test  199: 11001101000001111101011100010100001000000 11001101000001111101011100010100    0 faults detected
test  200: 10111010000111101111000110111001110011010 10111010000111111111000110111001    4 faults detected
test  201: 11110101101000111000001100111101110010001 11110101101000111000001100111101    0 faults detected
test  202: 01110110101101000011010010010000110100000 01110110101101000011010010010000    0 faults detected
test  203: 10000111111101101001111100111000011010111 10000111111101101001111100111000    0 faults detected
test  204: 10001000010111100110011010111101001011001 10001000010111100110011010111101    0 faults detected
test  205: 10110111011010001010011001111100011010101 10110111011010001010011001111100    0 faults detected
test  206: 10000001110011101110111100010101011111010 10000001110011101110111100010101    0 faults detected
test  207: 00111100100001111010001010110100000011000 00111100100001111110001010110100    0 faults detected
test  208: 11011101000101111011011010100001100100010 11011101000101111011011010100001    0 faults detected
test  209: 11110110001001100010100001001100101110000 11110110001001100010100001001100    0 faults detected
test  210: 11101100000110000100110111000101010111000 11100100000110000100110111000101    0 faults detected
test  211: 01010101000000111011101000001000100010000 01010101000000111011101000001000    0 faults detected
test  212: 11110100111011110100010010101100010011000 11110100111011110100010010101100    0 faults detected
test  213: 00101100100100010101010010000000011000101 00101100100100010101010010000000    0 faults detected
test  214: 01111000001111010011110000000101110011110 01111000001111010011110000000101    0 faults detected
test  215: 00101001011101110100100110110100011111000 00101001011101110100100110110100    0 faults detected
test  216: 11110010111101110101100101000101100001000 11110010111101110101100101000101    0 faults detected
test  217: 11000101010000000000011001100101011110100 11000101010000000000011001100101    0 faults detected
test  218: 01011010001010101000001101001100010000101 01011010001010101000001101001100    0 faults detected
test  219: 10010110001001111000011000010101101011001 10010110001001111000011000010101    0 faults detected
test  220: 01110111000110011001000011110100110101011 01110111000110011001000011110100    0 faults detected
test  221: 11101000100000000111101111101101111011000 11101000100000000111101111101101    0 faults detected
test  222: 00101011000010110101111000001000010101001 00101011000010110101111000001000    0 faults detected
test  223: 00001011001111001010001111110100000100110 00001011001111001010001111110100    0 faults detected
test  224: 11100110110000000111101001001101111110010 11100110110000000111101001001101    0 faults detected
	*******************************************************
	*                                                     *
	*             Welcome to HOPE (version 2.0)           *
	*                                                     *
	*                Dong S. Ha (ha@vt.edu)               *
	*         Web: http://www.visc.vt.edu/people/ha       *
	*  Virginia Polytechnic Institute & State University  *
	*                                                     *
	*******************************************************

******   SUMMARY OF SIMULATION RESULTS   ******
1. Circuit structure
   Name of circuit                           : c1355o
   Number of primary inputs                  : 41
   Number of primary outputs                 : 32
   Number of combinational gates             : 578
   Number of flip-flops                      : 0
   Level of the circuit                      : 25

2. Simulator input parameters
   Simulation mode                           : random
   Initial random number generator seed      : 1479340239

3. Simulation results
   Number of test patterns applied           : 224
   Fault coverage                            : 90.788 %
   Number of collapsed faults                : 1574
   Number of detected faults                 : 1429
   Number of undetected faults               : 145

4. Memory used                               : 168050 Kbytes

5. CPU time
   Initialization                            : 7244094.267 secs
   Fault simulation                          : 0.000 secs
   Total                                     : 7244094.267 secs

* List of undetected faults:
   1. 1229gat /1
   2. 1132gat->1229gat /1
   3. 1132gat->1228gat /1
   4. 1gat->1132gat /1
   5. 1132gat /1
   6. 1036gat /0
   7. 912gat->996gat /1
   8. 421gat /1
   9. 353gat->421gat /1
  10. 353gat->420gat /1
  11. 183gat->353gat /1
  12. 353gat /1
  13. 211gat /0
  14. 834gat->981gat /1
  15. 847gat->980gat /1
  16. 860gat->979gat /1
  17. 873gat->978gat /1
  18. 392gat /1
  19. 311gat->393gat /1
  20. 311gat->392gat /1
  21. 218gat->311gat /1
  22. 311gat /1
  23. 1135gat->1231gat /1
  24. 1135gat->1230gat /1
  25. 1135gat /1
  26. 847gat->1039gat /1
  27. 1233gat /1
  28. 1138gat->1233gat /1
  29. 1138gat->1232gat /1
  30. 15gat->1138gat /1
  31. 1138gat /1
  32. 1042gat /0
  33. 1235gat /1
  34. 1141gat->1235gat /1
  35. 1141gat->1234gat /1
  36. 22gat->1141gat /1
  37. 1141gat /1
  38. 1045gat /0
  39. 1237gat /1
  40. 29gat->1144gat /1
  41. 899gat->1001gat /1
  42. 1239gat /1
  43. 1147gat->1239gat /1
  44. 1147gat->1238gat /1
  45. 36gat->1147gat /1
  46. 1147gat /1
  47. 1051gat /0
  48. 1153gat->1243gat /1
  49. 1153gat->1242gat /1
  50. 1153gat /1
  51. 1245gat /1
  52. 57gat->1156gat /1
  53. 1247gat /1
  54. 1159gat->1247gat /1
  55. 1159gat->1246gat /1
  56. 64gat->1159gat /1
  57. 1159gat /1
  58. 1063gat /0
  59. 1165gat->1251gat /1
  60. 1165gat->1250gat /1
  61. 1165gat /1
  62. 1253gat /1
  63. 1168gat->1253gat /1
  64. 1168gat->1252gat /1
  65. 85gat->1168gat /1
  66. 1168gat /1
  67. 1072gat /0
  68. 1171gat->1255gat /1
  69. 1171gat->1254gat /1
  70. 1171gat /1
  71. 1257gat /1
  72. 1174gat->1257gat /1
  73. 1174gat->1256gat /1
  74. 99gat->1174gat /1
  75. 1174gat /1
  76. 1078gat /0
  77. 1177gat->1259gat /1
  78. 1177gat->1258gat /1
  79. 1177gat /1
  80. 925gat->985gat /1
  81. 886gat->984gat /1
  82. 912gat->983gat /1
  83. 899gat->982gat /1
  84. 1183gat->1263gat /1
  85. 1183gat->1262gat /1
  86. 1183gat /1
  87. 1265gat /1
  88. 127gat->1186gat /1
  89. 1267gat /1
  90. 1189gat->1267gat /1
  91. 1189gat->1266gat /1
  92. 134gat->1189gat /1
  93. 1189gat /1
  94. 1093gat /0
  95. 1269gat /1
  96. 1192gat->1269gat /1
  97. 1192gat->1268gat /1
  98. 141gat->1192gat /1
  99. 1192gat /1
 100. 1096gat /0
 101. 1271gat /1
 102. 1195gat->1271gat /1
 103. 1195gat->1270gat /1
 104. 148gat->1195gat /1
 105. 1195gat /1
 106. 1099gat /0
 107. 1273gat /1
 108. 1198gat->1273gat /1
 109. 1198gat->1272gat /1
 110. 155gat->1198gat /1
 111. 1198gat /1
 112. 1102gat /0
 113. 1201gat->1275gat /1
 114. 1201gat->1274gat /1
 115. 1201gat /1
 116. 899gat->1105gat /1
 117. 1277gat /1
 118. 169gat->1204gat /1
 119. 1279gat /1
 120. 176gat->1207gat /1
 121. 1281gat /1
 122. 1210gat->1281gat /1
 123. 1210gat->1280gat /1
 124. 183gat->1210gat /1
 125. 1210gat /1
 126. 1114gat /0
 127. 1283gat /1
 128. 1213gat->1283gat /1
 129. 1213gat->1282gat /1
 130. 190gat->1213gat /1
 131. 1213gat /1
 132. 1117gat /0
 133. 1287gat /1
 134. 204gat->1219gat /1
 135. 1288gat /1
 136. 1222gat->1289gat /1
 137. 1222gat->1288gat /1
 138. 1126gat->1222gat /1
 139. 1222gat /1
 140. 1291gat /1
 141. 1225gat->1291gat /1
 142. 1225gat->1290gat /1
 143. 218gat->1225gat /1
 144. 1225gat /1
 145. 1129gat /0
