test    1: 10011011101011100000100011011000011000111 10011011101011100010100011011000  483 faults detected
test    2: 11110010010110010001111101000001011100000 11110010010110010001111101000001  290 faults detected
test    3: 11101010011101011101011010100100001001010 11101010011101011101011010100100  304 faults detected
test    4: 00100000001101000000100011100101100111000 00100000001101000000100011100101  248 faults detected
test    5: 00010111111110101010101110011100011110111 00010111111110101010101110011100  207 faults detected
test    6: 10000010111010010101001001001001011111011 10000010111010010101001001001011  484 faults detected
test    7: 10100011111001001100100110111100110001111 10100011111001001100100110111100  306 faults detected
test    8: 10100101110000000001000111100001000000011 10100101110000000001000111100001  200 faults detected
test    9: 01001110001010010110101001110100001101100 01101110001010010110101001110100  485 faults detected
test   10: 11001100011101011110011110100101011100010 11001100011101011110011110100101  232 faults detected
test   11: 00011011000100011011111001010101000011110 00011011000100011011111001010101  305 faults detected
test   12: 00110010011111011111101010011000011100100 00110010011111011111101010011000  210 faults detected
test   13: 11001000101110111101000101011000010111011 11001000101110111101000101011000  229 faults detected
test   14: 01001111101100100101011000110001111001011 01001111101100100101011000110001  228 faults detected
test   15: 00011000000010110000101001000100011011100 00011000000010110000101001000100  232 faults detected
test   16: 11001100011100000101101010110101000111110 11001100011100000101101010110101  252 faults detected
test   17: 00011110001110110101001101111101100000100 01011110001110110101001101111101  487 faults detected
test   18: 11110000010100111001010101101100000101101 11110000010100111001010101101100  226 faults detected
test   19: 11010011100011000001001000011000010100001 11010011100011000001001000011000  206 faults detected
test   20: 11000010110110011010100101001001100110110 11000010110110011010100101001001  242 faults detected
test   21: 00001011100100101001001110110000010000101 00001011100100101001001110110000  245 faults detected
test   22: 10001100101001101100111101110000110100110 10001100101001101100111101110000  208 faults detected
test   23: 11010010011100111000100000001100110101100 11011010011100111000100000001100  474 faults detected
test   24: 11101001000101110101110011011101011110101 11101001000101110101110011011101  308 faults detected
test   25: 11110101101110001011100001000001101001101 11110101101110001011100001000001  200 faults detected
test   26: 01011011111010010101111011011101110000101 01011011111010010101111011011101  215 faults detected
test   27: 00110101001001011101010101111101110010001 00110101001001011101010101111101  243 faults detected
test   28: 11000100111110101001100110100001111110110 11000100111110101001100110100001  287 faults detected
test   29: 00111001100111111111111000111101010100010 00111001100111111111111000111101  202 faults detected
test   30: 11110000100110010000101010101100010110110 11110000100110010000101010101100  206 faults detected
test   31: 10000000011101101111000100100000100001011 10000000011101101111000100100000  224 faults detected
test   32: 01100101111100000100110000111000101111001 01100101111100000100110000111000  246 faults detected
test   33: 10100011111100101011111101001001010110110 10100011111100101011111101001001  243 faults detected
test   34: 01010010101010110000100111100101000100110 01010010101010110000100111100101  191 faults detected
test   35: 10010011111100111010100100001101011000100 10010011111100111010100100001101  205 faults detected
test   36: 00100010110010001100011010111100101100110 00100010110010001100011010111100  251 faults detected
test   37: 01001000110001010110000011111000110111000 01001000110001010110000011111000  224 faults detected
test   38: 00001100110100011101110110010001011101010 00001100110100011101110110010001  224 faults detected
test   39: 10110010100001111000101101000101110001111 10110010100001111000101101000101  209 faults detected
test   40: 01011000001010110000000110110100011111101 01011000001010110000000110110100  303 faults detected
test   41: 01001001010100001001100001100100010111111 01001001010000001001100001100100  470 faults detected
test   42: 11000001101001011001000110001001111110011 11000011101001011001000110001001  475 faults detected
test   43: 11011000010000111010101110111100110010100 11011000010000111010101110111100  206 faults detected
test   44: 01111111000011000011111110111101110110111 01111111000011000011111110111101  234 faults detected
test   45: 11011101100011010110010010010100111000001 11011101100011010110010010010100  212 faults detected
test   46: 00110110101000010110010010011001011110111 00110110101000010110010010011001  186 faults detected
test   47: 00001010100011101110111110101000100100010 00001010100011101110111110101000  189 faults detected
test   48: 11101100010101100000100010001100110100010 11101100010101100000100010001100  223 faults detected
test   49: 11100011011101100010110000010001000000111 11100011011101100010110000010000  483 faults detected
test   50: 11100101010000100101110000101000000100101 11100101010000100101110000101000  245 faults detected
test   51: 11110000000011011110001101001000011011110 11110000000011011110001101001000  249 faults detected
test   52: 01010100000110101001010011101101000010011 01010100000110101001010011101101  230 faults detected
test   53: 01000110011100111100111110111000101101011 01000110011100111100111110111000  230 faults detected
test   54: 01111110001000110110011100000001111010111 01111110001000110110011100000001  229 faults detected
test   55: 01000100111010101101101110100000001100100 01000100111010101101101110100000  226 faults detected
test   56: 11010101011101010010110110100100010110110 11010101011101010010110110100100  205 faults detected
test   57: 00110001001000001100011011101000111010000 00110001001000001100011011101000  196 faults detected
test   58: 11001111000010001001110100001000001010101 11001111000010001001110100001000  246 faults detected
test   59: 10101011000110101000011001110000100111110 10101011000110101000011001110000  304 faults detected
test   60: 00000110010000010111000111110001000100101 00000010010000010111000111110001  477 faults detected
test   61: 00000000001100000100000001000000011001111 00000000001100000100000001000000  213 faults detected
test   62: 01110010010101000111110010100100000101010 01110010010101000111110010100100  203 faults detected
test   63: 01111011001110011011000001111001010000100 01111011001110011011000001111001  307 faults detected
test   64: 11100110011111000111011100000000110010111 11100110011111000111011100000000  204 faults detected
test   65: 11100000001010111111011101110100111000010 11100000001010111111011101110100  254 faults detected
test   66: 11101100010100100011000011111000110100000 11101100010100100011000011111000  191 faults detected
test   67: 11011111011010111010001101100101000011001 11011111011010111010001101100101  214 faults detected
test   68: 00011100111010111010000111001101011101010 00011100111010111010000111001101  242 faults detected
test   69: 00111101101000010101100011101000110110111 00111101101000010101100011101000  240 faults detected
test   70: 10110000101010101111111010100000111101100 10110000101010101111111010100000  288 faults detected
test   71: 01110010001011000010101101000100001110111 01110010001011000010101101000100  246 faults detected
test   72: 01001001011111000101011100010001101101100 01001001011111000101011100010001  203 faults detected
test   73: 11100111111010100100111001000100110000111 11100111111010100100111001000100  245 faults detected
test   74: 11000001111111111111011011110000011110100 11000001111111111111011011110000  217 faults detected
test   75: 00011110100010010001101000010100010011110 00011110100010010001101000010100  204 faults detected
test   76: 10110010110111011101101000010100001111010 10110010110111011101101000010100  231 faults detected
test   77: 00001101100100011100110111100001101100110 00001101100100011100110111100001  248 faults detected
test   78: 00010011010110000010101001000001111000101 00010011010110000010101001000001  224 faults detected
test   79: 10000100010111100001011111000100000110010 10000100010111100001011111000100  288 faults detected
test   80: 10101100010011001100000000110001001010001 10101100010011001100000000110001  278 faults detected
test   81: 01111100010110110101011000011000011011000 01111100010110110101011000011000  308 faults detected
test   82: 11111100010010111111000100101001001110010 11111100010010111111000100101001  258 faults detected
test   83: 01110011011110001010001010000001110111010 01110011011110001010001010000001  289 faults detected
test   84: 11101001011010100101011111000000101000100 11101001011010100101011111000000  290 faults detected
test   85: 01110100101000100100000100111100010010111 01110100101000100100000100111100  201 faults detected
test   86: 10010110100000011010101010101100011111010 10010110100000011010101010101100  299 faults detected
test   87: 00111010111101011011100100101100011111111 00111010111101011011100100101100  243 faults detected
test   88: 11101010010011011011000110011000010001011 11101010010011011011000110011000  212 faults detected
test   89: 01000001111100001100011111101001101101110 01000001111100001100011111101001  210 faults detected
test   90: 00000000000111011100011111100000101111100 00000000000111011100011111100000  247 faults detected
test   91: 11111101110011000011111111100000111001011 11111101110011000011111111100000  231 faults detected
test   92: 01001110011111000110100101010100000111010 01001110011111000110100101010100  251 faults detected
test   93: 10010111000110101001101110111100101110010 10010111000110101001101110111100  312 faults detected
test   94: 11111111110001110000111010101101101000011 11111111110001110000111010101101  213 faults detected
test   95: 01010110010011010011010000001100010110001 01010110010011010011010000001100  282 faults detected
test   96: 00101100100001000101100100101101001010100 00111100100001000101100100101101  478 faults detected
test   97: 10000101010010011100000100110100010111011 10000101010010011100000100110100  225 faults detected
test   98: 11000111101111000001001111100001111011010 11000111101111000001001111100011  491 faults detected
test   99: 11010111001110011111110010001000101111000 11010111001110011111110010001000  190 faults detected
test  100: 01011111101010100001010001100001001100001 01011111101010100001010001100001  248 faults detected
test  101: 01111000000000100011100010101001100011011 01111000000000100011100010101001  196 faults detected
test  102: 01101001110110100001100010110101101111011 01101001110110100001100010110101  252 faults detected
test  103: 11111010111010011011110110011100111011110 11111010111010001011110110011100  492 faults detected
test  104: 11111101011011111001001100000101000011101 11111101011011111001001100000101  253 faults detected
test  105: 10010011111111011100010111110100000001101 10010011111111011100010111110100  254 faults detected
test  106: 11011011111000100011101110001001001000111 11011011111000100011101110001001  231 faults detected
test  107: 01110000010001001011011100011001011001001 01110100010001001011011100011001  481 faults detected
test  108: 10011111000011011111001011100001110111101 10011111000011011111001011100001  256 faults detected
test  109: 00010001111110110011101010010100001111100 00010001111110110011101010010100  289 faults detected
test  110: 11000000011100100001000100011101100111110 11000000011100100001000100011101  206 faults detected
test  111: 10110100110101010010110001111101110110011 10110100110101010010110001111101  243 faults detected
test  112: 00111001011110001000010001000100111001110 00111001011110001000010001000100  206 faults detected
test  113: 11010101010001100011001001101101111111000 11010101010001100011001001101101  304 faults detected
test  114: 10111100111101110000000100011001110100111 10111100111101110000000100011001  229 faults detected
test  115: 01011111000011111101100110101100001110010 01011111000011111101100110101100  253 faults detected
test  116: 00001101100001111011001010101001001100010 00001101100001111011001010101001  227 faults detected
test  117: 11011001001110001110010001011001110001010 11011001001110001110010001011001  252 faults detected
test  118: 00101001000001000100111000101001101111111 00101001000001000100111000101001  286 faults detected
test  119: 10101100110100100011000010010000010101011 10101100110100100011000010010000  196 faults detected
test  120: 00111011010110101010000110100100111111101 00111011010110101010000110100100  291 faults detected
test  121: 00101000011000111001011110111000001110101 00101000011000111001011111111000  487 faults detected
test  122: 11100001011111111111001000001100100010000 11100001011111111111001000001100  253 faults detected
test  123: 10100000100101000010101111001100000000111 10100000100101000010101111001100  245 faults detected
test  124: 10011000110001101011100110110001011000100 10011000110001101011100110110001  287 faults detected
test  125: 00011110001000100000011000101100011100010 00011110001000100000111000101100  469 faults detected
test  126: 00000001010110010101110101101101010010111 00000001010110010101110101101100  479 faults detected
test  127: 00101010000001000001001011001101011100010 00101010000001000001001011001101  224 faults detected
test  128: 00101110101101001011001010111001111111101 00101110101101001011001010111001  305 faults detected
test  129: 10111001101010001010001101000001000110100 10111001101010001010001101000001  199 faults detected
test  130: 01101001010000010000010010001101110100101 01101001010000010000010010001101  187 faults detected
test  131: 10010111100001101110111000101001110001000 10010111100001101110111000101101  490 faults detected
test  132: 00001101111011001001100011000001010000101 00001101111011001001100011000001  247 faults detected
test  133: 01110001100001010010101100010000010001000 01110001100001010010101100010000  204 faults detected
test  134: 00000001010011001100000101000001100001100 00000001010011001100000101000001  197 faults detected
test  135: 00011001111101101110001100110000011101010 00011001111101101110001100110000  250 faults detected
test  136: 10000011111011110000100101010000011010110 10000011111011110000100101010000  279 faults detected
test  137: 00101000000011000101011011111001001001001 00101000000011000101011011111001  283 faults detected
test  138: 01110011101110000001000110000100101100010 01110011101110000001000110000100  225 faults detected
test  139: 10010011101001010000000101001100001011100 10010011101001010000000101001100  300 faults detected
test  140: 00010101100001101111011000001100100001001 00010101100001101111011000001100  251 faults detected
test  141: 10100000010011001101001010101100001010000 10100000010011001101001010101100  243 faults detected
test  142: 00010111100110111010111010011001001101001 00010111100110111010111010011001  232 faults detected
test  143: 01100010101011011010000000000000011101011 01100010101011011010000000000000  237 faults detected
test  144: 00011010101010111110010001001001100011101 00011010101010111110010001001001  228 faults detected
test  145: 10110000001001001000100100110100111011111 10110000001001001000100100110100  183 faults detected
test  146: 01011110100010111101010011011101110111110 01011110100010111101010011011101  246 faults detected
test  147: 10101100001111010110110110010000101010010 10101100001111010110110110010000  250 faults detected
test  148: 00111110001000001110010111110101100001110 00111110001000001110010111110101  228 faults detected
test  149: 11110110100001100000101110101001011111101 11110110100001100000101110101001  280 faults detected
test  150: 01100001010100100011011000100100001000010 01100001010100100011011000100100  204 faults detected
test  151: 10011010001000110100110001011000001001001 10011010001000110100110001011000  209 faults detected
test  152: 00101101011000001001001010110000111011000 00101101011000001001001010110000  250 faults detected
test  153: 10001001000111000111101110010101100000100 10001001000111000111101110010101  208 faults detected
test  154: 00010001101100101101101100110000101101001 00010001101100101101101100110000  284 faults detected
test  155: 00110110101001010110111110111000000110011 00110110101001010110111110111000  244 faults detected
test  156: 10111001000100111111110011000001000111011 10111001000100111111110011000001  251 faults detected
test  157: 10011010110101010010111000100101010000101 10011010110101010010111000100101  210 faults detected
test  158: 01010011100101001010101111011101111100100 01010011100101001010101111011101  293 faults detected
test  159: 10000111100101010001111011001001100010011 10000111100101010001111011001001  231 faults detected
test  160: 01000001110101001010001011100100111011110 01000001110101001010001011000100  476 faults detected
test  161: 10001000111010101010001010001000011111100 10001000111010101010001010001000  204 faults detected
test  162: 01100111110010100100100010000001110001011 01100111110010100100100010000001  225 faults detected
test  163: 11100100011000000110110100000101100011000 11100100011000000110110100000101  223 faults detected
test  164: 11010000100011101110000110110100110100111 11010000100011101110000110110100  307 faults detected
test  165: 00000110111100011100011101000100100100111 00000110111100011100011101000100  206 faults detected
test  166: 01111001000111000111100010011001001110111 01111001000111000111100010011001  243 faults detected
test  167: 01011011101111110000111100000001100101011 01011011101111110000111101000001  484 faults detected
test  168: 00010100000100101100110101101101101011001 00010100000100101100110101101101  279 faults detected
test  169: 01101011110001100001110010101001000110110 01101011110001100001110010101001  208 faults detected
test  170: 01100011001010000111010011100000100001010 01100011001010000111010011100000  226 faults detected
test  171: 10000111001000101001101100000001100011010 10000111001000101001101100000001  196 faults detected
test  172: 00101101000001110000111001100001101110000 00101101000001110000111001100001  245 faults detected
test  173: 00010111111111101100010011100100111111001 00010111111111101100010011100100  291 faults detected
test  174: 01011011000010100001001110010001001001110 01011011000010100001001110010001  202 faults detected
test  175: 10000101100100001100001000001001011101000 10000101100100001100001000001001  202 faults detected
test  176: 00011101111011111010010101011101100110100 00011101111011111010010101011101  295 faults detected
test  177: 01011010100111100111111011001000111100111 01011010100111100111111011001000  250 faults detected
test  178: 01011111110011100010000100111101000000111 01011111110011100010000100111101  210 faults detected
test  179: 10000000001001011000111000110100110000010 10000000001001011000111000110100  222 faults detected
test  180: 11101000111001110101110101010101000011011 11101000111001110101110101010101  308 faults detected
test  181: 00011001000001011111111111011100110110111 00011001000001011111111111011100  281 faults detected
test  182: 11011000111000011101011000110000100111001 11011000111000011101001000110000  480 faults detected
test  183: 10010000111110100000001001010101100001011 10010000111110100000001001010101  206 faults detected
test  184: 10111011001010111111110111100100000011101 10111011001010111111110111100100  259 faults detected
test  185: 00101111001001101011010101100000010010110 00101111001001101011010101100000  240 faults detected
test  186: 11000100001100111110010101001100110101110 10000100001100111110010101001100  471 faults detected
test  187: 11100000111000111101101010011101110101100 11100000111000111101101010011101  211 faults detected
test  188: 10001000010110010010101100110101111011101 10001000010110010010101100110101  289 faults detected
test  189: 10101010111011010111101011011100011011101 10101010111011010111101111011100  491 faults detected
test  190: 00011101000011101101100011011001110111100 00011101000011101101100011011001  208 faults detected
test  191: 10010010111001100101010111100100000111000 10010010111001100101010111100100  282 faults detected
test  192: 01010101100001000101010010110101100010100 01010101100001000101010010110101  198 faults detected
test  193: 11110000001011011001111010001001010010110 11110000001011011001111010001001  210 faults detected
test  194: 00100100000001101011101011110100000100000 00100100000001101011101011110100  208 faults detected
test  195: 11010101010111100101110111001000011110011 01010101010111100101110111001000  488 faults detected
test  196: 10001110110100010000001010110001100001011 10001110110100010000001010110001  245 faults detected
test  197: 01001111011001101000111110111000011000101 01001111011001101000111110111000  244 faults detected
test  198: 10101101100111010101010100110000011111110 10101101100111010101010100110000  208 faults detected
test  199: 11110011100001110101001100111001100100101 11110011100001110101001100111001  230 faults detected
test  200: 00111011000100010101010111100000010001101 00111011000100010111010111100000  474 faults detected
test  201: 11101100000111100001101011000101111111100 11101100000111100001101011000101  209 faults detected
test  202: 01011001000011110111111101010100111110011 01011001000011110111111101010100  190 faults detected
test  203: 01101011100000001101011011001101101010101 01101011100000001101011011001101  196 faults detected
test  204: 10110100011000011100110010111101101010010 10110100011000011100110010111101  194 faults detected
test  205: 11101001101011100000111001110000110011101 11101001101011100000111001110000  226 faults detected
test  206: 01000100010111101101011001011100000011100 01000100010111101101011001011100  290 faults detected
test  207: 11101010111110100000100001110101011001111 11101010111110100000100001110101  249 faults detected
test  208: 11000001101111011100001010001100110011011 11000001101111011100001010001100  251 faults detected
test  209: 01001110100011000010001010001000001010110 01001110100011000010001010001000  223 faults detected
test  210: 01101110110101101010111010111101011100000 01101110110101101010111010111101  235 faults detected
test  211: 00100111001001101001110101011100001011101 00100111001001101001110101011100  301 faults detected
test  212: 00000110111000110001110100101101110101111 00000110111000110001110100001101  481 faults detected
test  213: 00101110100100000100011000100101010100010 00101110100100000100011000100101  300 faults detected
test  214: 11001011100010010011101100000100010001011 11001011100010010011101100000100  223 faults detected
test  215: 00010101111100000111001110101101111010101 00010101111100000111001110101101  255 faults detected
test  216: 00010000010011001010010100100101111101111 00010000010011001010010100100101  183 faults detected
test  217: 01110101111101101001101101000100100010101 01110101111101101001100101000100  481 faults detected
test  218: 10111000111000110101101110101100010000110 10111000111000110101101110101100  210 faults detected
test  219: 10110010101101011110111011100101101001010 10110010101101011110111011100101  255 faults detected
test  220: 00001101010101000111000010100000010011101 00001101010101000111000010100000  244 faults detected
test  221: 10001100001000101011101011010001100101100 10001100001000101011101011010001  247 faults detected
test  222: 10100011111111110100000000110101001000111 10100011111111110100000000110101  287 faults detected
test  223: 00000101000000101111000011100101001001010 00000101000000101111000011100101  283 faults detected
test  224: 11110111011011011110111100011100100100001 11110111011011011110111100011100  291 faults detected
	*******************************************************
	*                                                     *
	*             Welcome to HOPE (version 2.0)           *
	*                                                     *
	*                Dong S. Ha (ha@vt.edu)               *
	*         Web: http://www.visc.vt.edu/people/ha       *
	*  Virginia Polytechnic Institute & State University  *
	*                                                     *
	*******************************************************

******   SUMMARY OF SIMULATION RESULTS   ******
1. Circuit structure
   Name of circuit                           : c1355o
   Number of primary inputs                  : 41
   Number of primary outputs                 : 32
   Number of combinational gates             : 578
   Number of flip-flops                      : 0
   Level of the circuit                      : 25

2. Simulator input parameters
   Simulation mode                           : random
   Initial random number generator seed      : 1479340990

3. Simulation results
   Number of test patterns applied           : 224
   Fault coverage                            : 90.724 %
   Number of collapsed faults                : 1574
   Number of detected faults                 : 1428
   Number of undetected faults               : 146

4. Memory used                               : 168050 Kbytes

5. CPU time
   Initialization                            : 7256608.067 secs
   Fault simulation                          : 0.783 secs
   Total                                     : 7256608.850 secs

* List of undetected faults:
   1. 1229gat /1
   2. 1gat->1132gat /1
   3. 421gat /1
   4. 353gat->421gat /1
   5. 353gat->420gat /1
   6. 183gat->353gat /1
   7. 353gat /1
   8. 211gat /0
   9. 834gat->981gat /1
  10. 847gat->980gat /1
  11. 860gat->979gat /1
  12. 873gat->978gat /1
  13. 392gat /1
  14. 311gat->393gat /1
  15. 311gat->392gat /1
  16. 218gat->311gat /1
  17. 311gat /1
  18. 1138gat->1233gat /1
  19. 1138gat->1232gat /1
  20. 1138gat /1
  21. 1141gat->1235gat /1
  22. 1141gat->1234gat /1
  23. 1141gat /1
  24. 1144gat->1237gat /1
  25. 1144gat->1236gat /1
  26. 1144gat /1
  27. 1150gat->1241gat /1
  28. 1150gat->1240gat /1
  29. 1150gat /1
  30. 1243gat /1
  31. 1153gat->1243gat /1
  32. 1153gat->1242gat /1
  33. 50gat->1153gat /1
  34. 1153gat /1
  35. 1057gat /0
  36. 1245gat /1
  37. 1156gat->1245gat /1
  38. 1156gat->1244gat /1
  39. 57gat->1156gat /1
  40. 1156gat /1
  41. 1060gat /0
  42. 1247gat /1
  43. 1159gat->1247gat /1
  44. 1159gat->1246gat /1
  45. 64gat->1159gat /1
  46. 1159gat /1
  47. 1063gat /0
  48. 1249gat /1
  49. 1162gat->1249gat /1
  50. 1162gat->1248gat /1
  51. 71gat->1162gat /1
  52. 1162gat /1
  53. 1066gat /0
  54. 1251gat /1
  55. 78gat->1165gat /1
  56. 873gat->1069gat /1
  57. 1253gat /1
  58. 1168gat->1253gat /1
  59. 1168gat->1252gat /1
  60. 85gat->1168gat /1
  61. 1168gat /1
  62. 1072gat /0
  63. 1255gat /1
  64. 1171gat->1255gat /1
  65. 1171gat->1254gat /1
  66. 92gat->1171gat /1
  67. 1171gat /1
  68. 1075gat /0
  69. 1257gat /1
  70. 1174gat->1257gat /1
  71. 1174gat->1256gat /1
  72. 99gat->1174gat /1
  73. 1174gat /1
  74. 1078gat /0
  75. 1259gat /1
  76. 106gat->1177gat /1
  77. 873gat->1081gat /1
  78. 1261gat /1
  79. 1180gat->1261gat /1
  80. 1180gat->1260gat /1
  81. 113gat->1180gat /1
  82. 1180gat /1
  83. 1084gat /0
  84. 925gat->985gat /1
  85. 886gat->984gat /1
  86. 912gat->983gat /1
  87. 899gat->982gat /1
  88. 1263gat /1
  89. 1183gat->1263gat /1
  90. 1183gat->1262gat /1
  91. 120gat->1183gat /1
  92. 1183gat /1
  93. 1087gat /0
  94. 1186gat->1265gat /1
  95. 1186gat->1264gat /1
  96. 1186gat /1
  97. 912gat->1090gat /1
  98. 1267gat /1
  99. 1189gat->1267gat /1
 100. 1189gat->1266gat /1
 101. 134gat->1189gat /1
 102. 1189gat /1
 103. 1093gat /0
 104. 1192gat->1269gat /1
 105. 1192gat->1268gat /1
 106. 1192gat /1
 107. 1271gat /1
 108. 148gat->1195gat /1
 109. 1273gat /1
 110. 155gat->1198gat /1
 111. 1201gat->1275gat /1
 112. 1201gat->1274gat /1
 113. 1201gat /1
 114. 1277gat /1
 115. 1204gat->1277gat /1
 116. 1204gat->1276gat /1
 117. 169gat->1204gat /1
 118. 1204gat /1
 119. 1108gat /0
 120. 1207gat->1279gat /1
 121. 1207gat->1278gat /1
 122. 1207gat /1
 123. 1281gat /1
 124. 183gat->1210gat /1
 125. 1283gat /1
 126. 1213gat->1283gat /1
 127. 1213gat->1282gat /1
 128. 190gat->1213gat /1
 129. 1213gat /1
 130. 1117gat /0
 131. 1285gat /1
 132. 1216gat->1285gat /1
 133. 1216gat->1284gat /1
 134. 197gat->1216gat /1
 135. 1216gat /1
 136. 1120gat /0
 137. 1219gat->1287gat /1
 138. 1219gat->1286gat /1
 139. 1219gat /1
 140. 1288gat /1
 141. 1222gat->1289gat /1
 142. 1222gat->1288gat /1
 143. 1126gat->1222gat /1
 144. 1222gat /1
 145. 1291gat /1
 146. 218gat->1225gat /1
